Arguments: 
  /usr/local/bin/node /opt/yarn-v1.22.4/bin/yarn.js link @semapps/connector

PATH: 
  /usr/local/sbin:/usr/local/bin:/usr/sbin:/usr/bin:/sbin:/bin

Yarn version: 
  1.22.4

Node version: 
  13.14.0

Platform: 
  linux x64

Trace: 
  SyntaxError: /server/app/package.json: Unexpected token } in JSON at position 726
      at JSON.parse (<anonymous>)
      at /opt/yarn-v1.22.4/lib/cli.js:1625:59
      at Generator.next (<anonymous>)
      at step (/opt/yarn-v1.22.4/lib/cli.js:310:30)
      at /opt/yarn-v1.22.4/lib/cli.js:321:13

npm manifest: 
  {
    "name": "server",
    "version": "1.0.0",
    "description": "SemApps-based semantic application",
    "keywords": [
      "semapps",
      "semantic"
    ],
    "scripts": {
      "bootstrap": "lerna bootstrap",
      "dev": "moleculer-runner --env --repl --hot services",
      "start": "moleculer-runner --env --instances=max services"
    },
    "dependencies": {
      "@semapps/connector": "^0.1.49",
      "@semapps/fuseki-admin": "^0.1.49",
      "@semapps/inference": "^0.1.49",
      "@semapps/ldp": "^0.1.49",
      "@semapps/sparql-endpoint": "^0.1.49",
      "@semapps/triplestore": "^0.1.49",
      "@semapps/webid": "^0.1.49",
      "dotenv": "^8.2.0",
      "moleculer": "^0.14.4",
      "moleculer-repl": "^0.6.3",
      "moleculer-web": "^0.10.0",
    }
  }

yarn manifest: 
  No manifest

Lockfile: 
  No lockfile
